d:\vs2015\projects\thusdl2\thusdl2\debug\thusdl2.pch.codeanalysis
d:\vs2015\projects\thusdl2\thusdl2\debug\vc140.pdb
d:\vs2015\projects\thusdl2\thusdl2\debug\vc140.idb
d:\vs2015\projects\thusdl2\thusdl2\debug\thusdl2.pch.codeanalysisast
d:\vs2015\projects\thusdl2\thusdl2\debug\stdafx.nativecodeanalysis.xml
d:\vs2015\projects\thusdl2\thusdl2\debug\stdafx.obj
d:\vs2015\projects\thusdl2\thusdl2\debug\baseobject.nativecodeanalysis.xml
d:\vs2015\projects\thusdl2\thusdl2\debug\common_function.nativecodeanalysis.xml
d:\vs2015\projects\thusdl2\thusdl2\debug\game_map.nativecodeanalysis.xml
d:\vs2015\projects\thusdl2\thusdl2\debug\mainobject.nativecodeanalysis.xml
d:\vs2015\projects\thusdl2\thusdl2\debug\textobject.nativecodeanalysis.xml
d:\vs2015\projects\thusdl2\thusdl2\debug\threatobject.nativecodeanalysis.xml
d:\vs2015\projects\thusdl2\thusdl2\debug\thusdl2.nativecodeanalysis.xml
d:\vs2015\projects\thusdl2\thusdl2\debug\thusdl2.obj
d:\vs2015\projects\thusdl2\thusdl2\debug\threatobject.obj
d:\vs2015\projects\thusdl2\thusdl2\debug\textobject.obj
d:\vs2015\projects\thusdl2\thusdl2\debug\mainobject.obj
d:\vs2015\projects\thusdl2\thusdl2\debug\game_map.obj
d:\vs2015\projects\thusdl2\thusdl2\debug\common_function.obj
d:\vs2015\projects\thusdl2\thusdl2\debug\baseobject.obj
d:\vs2015\projects\thusdl2\debug\thusdl2.ilk
d:\vs2015\projects\thusdl2\debug\thusdl2.exe
d:\vs2015\projects\thusdl2\debug\thusdl2.pdb
d:\vs2015\projects\thusdl2\thusdl2\debug\nativecodeanalysis.read.1.tlog
d:\vs2015\projects\thusdl2\thusdl2\debug\vc.nativecodeanalysis.all.xml
d:\vs2015\projects\thusdl2\debug\thusdl2.exe.lastcodeanalysissucceeded
d:\vs2015\projects\thusdl2\thusdl2\debug\thusdl2.tlog\cl.command.1.tlog
d:\vs2015\projects\thusdl2\thusdl2\debug\thusdl2.tlog\cl.read.1.tlog
d:\vs2015\projects\thusdl2\thusdl2\debug\thusdl2.tlog\cl.write.1.tlog
d:\vs2015\projects\thusdl2\thusdl2\debug\thusdl2.tlog\link.command.1.tlog
d:\vs2015\projects\thusdl2\thusdl2\debug\thusdl2.tlog\link.read.1.tlog
d:\vs2015\projects\thusdl2\thusdl2\debug\thusdl2.tlog\link.write.1.tlog
